<?xml version="1.0" encoding="UTF-8"?>
<testng-results skipped="0" failed="0" ignored="0" total="2" passed="2">
  <reporter-output>
  </reporter-output>
  <suite name="Default suite" duration-ms="40920" started-at="2019-12-13T01:26:13Z" finished-at="2019-12-13T01:26:54Z">
    <groups>
      <group name="cucumber">
        <method signature="TestRunner.feature(io.cucumber.testng.PickleEventWrapper, io.cucumber.testng.CucumberFeatureWrapper)[pri:0, instance:org.techAltum.testRunner.TestRunner@1a968a59]" name="feature" class="org.techAltum.testRunner.TestRunner"/>
      </group> <!-- cucumber -->
    </groups>
    <test name="Default test" duration-ms="40920" started-at="2019-12-13T01:26:13Z" finished-at="2019-12-13T01:26:54Z">
      <class name="org.techAltum.testRunner.TestRunner">
        <test-method status="PASS" signature="setupClass()[pri:0, instance:org.techAltum.testRunner.TestRunner@1a968a59]" name="setupClass" is-config="true" duration-ms="107" started-at="2019-12-13T01:26:13Z" finished-at="2019-12-13T01:26:13Z">
          <reporter-output>
          </reporter-output>
        </test-method> <!-- setupClass -->
        <test-method status="PASS" signature="feature(io.cucumber.testng.PickleEventWrapper, io.cucumber.testng.CucumberFeatureWrapper)[pri:0, instance:org.techAltum.testRunner.TestRunner@1a968a59]" name="feature" duration-ms="23508" started-at="2019-12-13T01:26:13Z" description="Cucumber Tests" data-provider="features" finished-at="2019-12-13T01:26:37Z">
          <params>
            <param index="0">
              <value>
                <![CDATA["Test Scenario1"]]>
              </value>
            </param>
            <param index="1">
              <value>
                <![CDATA["Make search on ziper home page"]]>
              </value>
            </param>
          </params>
          <reporter-output>
          </reporter-output>
        </test-method> <!-- feature -->
        <test-method status="PASS" signature="feature(io.cucumber.testng.PickleEventWrapper, io.cucumber.testng.CucumberFeatureWrapper)[pri:0, instance:org.techAltum.testRunner.TestRunner@1a968a59]" name="feature" duration-ms="17187" started-at="2019-12-13T01:26:37Z" description="Cucumber Tests" data-provider="features" finished-at="2019-12-13T01:26:54Z">
          <params>
            <param index="0">
              <value>
                <![CDATA["Test Scenario2"]]>
              </value>
            </param>
            <param index="1">
              <value>
                <![CDATA["Make search on ziper home page"]]>
              </value>
            </param>
          </params>
          <reporter-output>
          </reporter-output>
        </test-method> <!-- feature -->
        <test-method status="PASS" signature="testDownClass()[pri:0, instance:org.techAltum.testRunner.TestRunner@1a968a59]" name="testDownClass" is-config="true" duration-ms="61" started-at="2019-12-13T01:26:54Z" finished-at="2019-12-13T01:26:54Z">
          <reporter-output>
          </reporter-output>
        </test-method> <!-- testDownClass -->
      </class> <!-- org.techAltum.testRunner.TestRunner -->
    </test> <!-- Default test -->
  </suite> <!-- Default suite -->
</testng-results>
